<?xml version="1.0" encoding="UTF-8"?>
<testsuite xmlns:xsi="http://www.w3.org/2001/XMLSchema-instance" xsi:noNamespaceSchemaLocation="https://maven.apache.org/surefire/maven-surefire-plugin/xsd/surefire-test-report.xsd" name="edu.gdpu.punch.PunchApplicationTests" time="4.469" tests="3" errors="0" skipped="0" failures="0">
  <properties>
    <property name="sun.desktop" value="gnome"/>
    <property name="awt.toolkit" value="sun.awt.X11.XToolkit"/>
    <property name="java.specification.version" value="11"/>
    <property name="sun.cpu.isalist" value=""/>
    <property name="sun.jnu.encoding" value="UTF-8"/>
    <property name="java.class.path" value="/home/ilanky/IdeaProjects/punch/target/test-classes:/home/ilanky/IdeaProjects/punch/target/classes:/home/ilanky/.m2/repository/org/mybatis/spring/boot/mybatis-spring-boot-starter/2.1.2/mybatis-spring-boot-starter-2.1.2.jar:/home/ilanky/.m2/repository/org/springframework/boot/spring-boot-starter/2.1.15.BUILD-SNAPSHOT/spring-boot-starter-2.1.15.BUILD-SNAPSHOT.jar:/home/ilanky/.m2/repository/org/springframework/boot/spring-boot-starter-logging/2.1.15.BUILD-SNAPSHOT/spring-boot-starter-logging-2.1.15.BUILD-SNAPSHOT.jar:/home/ilanky/.m2/repository/ch/qos/logback/logback-classic/1.2.3/logback-classic-1.2.3.jar:/home/ilanky/.m2/repository/ch/qos/logback/logback-core/1.2.3/logback-core-1.2.3.jar:/home/ilanky/.m2/repository/org/apache/logging/log4j/log4j-to-slf4j/2.11.2/log4j-to-slf4j-2.11.2.jar:/home/ilanky/.m2/repository/org/apache/logging/log4j/log4j-api/2.11.2/log4j-api-2.11.2.jar:/home/ilanky/.m2/repository/org/slf4j/jul-to-slf4j/1.7.30/jul-to-slf4j-1.7.30.jar:/home/ilanky/.m2/repository/javax/annotation/javax.annotation-api/1.3.2/javax.annotation-api-1.3.2.jar:/home/ilanky/.m2/repository/org/yaml/snakeyaml/1.23/snakeyaml-1.23.jar:/home/ilanky/.m2/repository/org/springframework/boot/spring-boot-starter-jdbc/2.1.15.BUILD-SNAPSHOT/spring-boot-starter-jdbc-2.1.15.BUILD-SNAPSHOT.jar:/home/ilanky/.m2/repository/com/zaxxer/HikariCP/3.2.0/HikariCP-3.2.0.jar:/home/ilanky/.m2/repository/org/springframework/spring-jdbc/5.1.15.RELEASE/spring-jdbc-5.1.15.RELEASE.jar:/home/ilanky/.m2/repository/org/springframework/spring-tx/5.1.15.RELEASE/spring-tx-5.1.15.RELEASE.jar:/home/ilanky/.m2/repository/org/mybatis/spring/boot/mybatis-spring-boot-autoconfigure/2.1.2/mybatis-spring-boot-autoconfigure-2.1.2.jar:/home/ilanky/.m2/repository/org/mybatis/mybatis/3.5.4/mybatis-3.5.4.jar:/home/ilanky/.m2/repository/org/mybatis/mybatis-spring/2.0.4/mybatis-spring-2.0.4.jar:/home/ilanky/.m2/repository/org/springframework/boot/spring-boot-starter-mail/2.1.15.BUILD-SNAPSHOT/spring-boot-starter-mail-2.1.15.BUILD-SNAPSHOT.jar:/home/ilanky/.m2/repository/org/springframework/spring-context-support/5.1.15.RELEASE/spring-context-support-5.1.15.RELEASE.jar:/home/ilanky/.m2/repository/org/springframework/spring-beans/5.1.15.RELEASE/spring-beans-5.1.15.RELEASE.jar:/home/ilanky/.m2/repository/org/springframework/spring-context/5.1.15.RELEASE/spring-context-5.1.15.RELEASE.jar:/home/ilanky/.m2/repository/com/sun/mail/javax.mail/1.6.2/javax.mail-1.6.2.jar:/home/ilanky/.m2/repository/javax/activation/activation/1.1/activation-1.1.jar:/home/ilanky/.m2/repository/org/springframework/boot/spring-boot-starter-thymeleaf/2.1.15.BUILD-SNAPSHOT/spring-boot-starter-thymeleaf-2.1.15.BUILD-SNAPSHOT.jar:/home/ilanky/.m2/repository/org/thymeleaf/thymeleaf-spring5/3.0.11.RELEASE/thymeleaf-spring5-3.0.11.RELEASE.jar:/home/ilanky/.m2/repository/org/thymeleaf/thymeleaf/3.0.11.RELEASE/thymeleaf-3.0.11.RELEASE.jar:/home/ilanky/.m2/repository/org/attoparser/attoparser/2.0.5.RELEASE/attoparser-2.0.5.RELEASE.jar:/home/ilanky/.m2/repository/org/unbescape/unbescape/1.1.6.RELEASE/unbescape-1.1.6.RELEASE.jar:/home/ilanky/.m2/repository/org/thymeleaf/extras/thymeleaf-extras-java8time/3.0.4.RELEASE/thymeleaf-extras-java8time-3.0.4.RELEASE.jar:/home/ilanky/.m2/repository/org/springframework/boot/spring-boot-starter-web/2.1.15.BUILD-SNAPSHOT/spring-boot-starter-web-2.1.15.BUILD-SNAPSHOT.jar:/home/ilanky/.m2/repository/org/springframework/boot/spring-boot-starter-json/2.1.15.BUILD-SNAPSHOT/spring-boot-starter-json-2.1.15.BUILD-SNAPSHOT.jar:/home/ilanky/.m2/repository/com/fasterxml/jackson/core/jackson-databind/2.9.10.4/jackson-databind-2.9.10.4.jar:/home/ilanky/.m2/repository/com/fasterxml/jackson/core/jackson-annotations/2.9.10/jackson-annotations-2.9.10.jar:/home/ilanky/.m2/repository/com/fasterxml/jackson/core/jackson-core/2.9.10/jackson-core-2.9.10.jar:/home/ilanky/.m2/repository/com/fasterxml/jackson/datatype/jackson-datatype-jdk8/2.9.10/jackson-datatype-jdk8-2.9.10.jar:/home/ilanky/.m2/repository/com/fasterxml/jackson/datatype/jackson-datatype-jsr310/2.9.10/jackson-datatype-jsr310-2.9.10.jar:/home/ilanky/.m2/repository/com/fasterxml/jackson/module/jackson-module-parameter-names/2.9.10/jackson-module-parameter-names-2.9.10.jar:/home/ilanky/.m2/repository/org/springframework/boot/spring-boot-starter-tomcat/2.1.15.BUILD-SNAPSHOT/spring-boot-starter-tomcat-2.1.15.BUILD-SNAPSHOT.jar:/home/ilanky/.m2/repository/org/apache/tomcat/embed/tomcat-embed-core/9.0.34/tomcat-embed-core-9.0.34.jar:/home/ilanky/.m2/repository/org/apache/tomcat/embed/tomcat-embed-el/9.0.34/tomcat-embed-el-9.0.34.jar:/home/ilanky/.m2/repository/org/apache/tomcat/embed/tomcat-embed-websocket/9.0.34/tomcat-embed-websocket-9.0.34.jar:/home/ilanky/.m2/repository/org/hibernate/validator/hibernate-validator/6.0.19.Final/hibernate-validator-6.0.19.Final.jar:/home/ilanky/.m2/repository/javax/validation/validation-api/2.0.1.Final/validation-api-2.0.1.Final.jar:/home/ilanky/.m2/repository/org/jboss/logging/jboss-logging/3.3.3.Final/jboss-logging-3.3.3.Final.jar:/home/ilanky/.m2/repository/com/fasterxml/classmate/1.4.0/classmate-1.4.0.jar:/home/ilanky/.m2/repository/org/springframework/spring-web/5.1.15.RELEASE/spring-web-5.1.15.RELEASE.jar:/home/ilanky/.m2/repository/org/springframework/spring-webmvc/5.1.15.RELEASE/spring-webmvc-5.1.15.RELEASE.jar:/home/ilanky/.m2/repository/org/springframework/spring-aop/5.1.15.RELEASE/spring-aop-5.1.15.RELEASE.jar:/home/ilanky/.m2/repository/org/springframework/spring-expression/5.1.15.RELEASE/spring-expression-5.1.15.RELEASE.jar:/home/ilanky/.m2/repository/org/springframework/boot/spring-boot-devtools/2.1.15.BUILD-SNAPSHOT/spring-boot-devtools-2.1.15.BUILD-SNAPSHOT.jar:/home/ilanky/.m2/repository/org/springframework/boot/spring-boot/2.1.15.BUILD-SNAPSHOT/spring-boot-2.1.15.BUILD-SNAPSHOT.jar:/home/ilanky/.m2/repository/org/springframework/boot/spring-boot-autoconfigure/2.1.15.BUILD-SNAPSHOT/spring-boot-autoconfigure-2.1.15.BUILD-SNAPSHOT.jar:/home/ilanky/.m2/repository/org/springframework/boot/spring-boot-starter-test/2.1.15.BUILD-SNAPSHOT/spring-boot-starter-test-2.1.15.BUILD-SNAPSHOT.jar:/home/ilanky/.m2/repository/org/springframework/boot/spring-boot-test/2.1.15.BUILD-SNAPSHOT/spring-boot-test-2.1.15.BUILD-SNAPSHOT.jar:/home/ilanky/.m2/repository/org/springframework/boot/spring-boot-test-autoconfigure/2.1.15.BUILD-SNAPSHOT/spring-boot-test-autoconfigure-2.1.15.BUILD-SNAPSHOT.jar:/home/ilanky/.m2/repository/com/jayway/jsonpath/json-path/2.4.0/json-path-2.4.0.jar:/home/ilanky/.m2/repository/net/minidev/json-smart/2.3/json-smart-2.3.jar:/home/ilanky/.m2/repository/net/minidev/accessors-smart/1.2/accessors-smart-1.2.jar:/home/ilanky/.m2/repository/org/ow2/asm/asm/5.0.4/asm-5.0.4.jar:/home/ilanky/.m2/repository/junit/junit/4.12/junit-4.12.jar:/home/ilanky/.m2/repository/org/assertj/assertj-core/3.11.1/assertj-core-3.11.1.jar:/home/ilanky/.m2/repository/org/mockito/mockito-core/2.23.4/mockito-core-2.23.4.jar:/home/ilanky/.m2/repository/net/bytebuddy/byte-buddy/1.9.16/byte-buddy-1.9.16.jar:/home/ilanky/.m2/repository/net/bytebuddy/byte-buddy-agent/1.9.16/byte-buddy-agent-1.9.16.jar:/home/ilanky/.m2/repository/org/objenesis/objenesis/2.6/objenesis-2.6.jar:/home/ilanky/.m2/repository/org/hamcrest/hamcrest-core/1.3/hamcrest-core-1.3.jar:/home/ilanky/.m2/repository/org/hamcrest/hamcrest-library/1.3/hamcrest-library-1.3.jar:/home/ilanky/.m2/repository/org/skyscreamer/jsonassert/1.5.0/jsonassert-1.5.0.jar:/home/ilanky/.m2/repository/com/vaadin/external/google/android-json/0.0.20131108.vaadin1/android-json-0.0.20131108.vaadin1.jar:/home/ilanky/.m2/repository/org/springframework/spring-core/5.1.15.RELEASE/spring-core-5.1.15.RELEASE.jar:/home/ilanky/.m2/repository/org/springframework/spring-jcl/5.1.15.RELEASE/spring-jcl-5.1.15.RELEASE.jar:/home/ilanky/.m2/repository/org/springframework/spring-test/5.1.15.RELEASE/spring-test-5.1.15.RELEASE.jar:/home/ilanky/.m2/repository/org/xmlunit/xmlunit-core/2.6.4/xmlunit-core-2.6.4.jar:/home/ilanky/.m2/repository/javax/xml/bind/jaxb-api/2.3.1/jaxb-api-2.3.1.jar:/home/ilanky/.m2/repository/javax/activation/javax.activation-api/1.2.0/javax.activation-api-1.2.0.jar:/home/ilanky/.m2/repository/mysql/mysql-connector-java/8.0.20/mysql-connector-java-8.0.20.jar:/home/ilanky/.m2/repository/org/webjars/jquery/3.3.0/jquery-3.3.0.jar:/home/ilanky/.m2/repository/org/webjars/bootstrap/4.4.1/bootstrap-4.4.1.jar:/home/ilanky/.m2/repository/org/webjars/popper.js/1.14.3/popper.js-1.14.3.jar:/home/ilanky/.m2/repository/org/jsoup/jsoup/1.11.3/jsoup-1.11.3.jar:/home/ilanky/.m2/repository/com/alibaba/druid-spring-boot-starter/1.1.20/druid-spring-boot-starter-1.1.20.jar:/home/ilanky/.m2/repository/com/alibaba/druid/1.1.20/druid-1.1.20.jar:/home/ilanky/.m2/repository/org/slf4j/slf4j-api/1.7.30/slf4j-api-1.7.30.jar:"/>
    <property name="java.vm.vendor" value="Oracle Corporation"/>
    <property name="sun.arch.data.model" value="64"/>
    <property name="java.vendor.url" value="https://openjdk.java.net/"/>
    <property name="user.timezone" value=""/>
    <property name="java.vm.specification.version" value="11"/>
    <property name="os.name" value="Linux"/>
    <property name="sun.java.launcher" value="SUN_STANDARD"/>
    <property name="user.country" value="CN"/>
    <property name="sun.boot.library.path" value="/usr/lib/jvm/jdk-11.0.7/lib"/>
    <property name="sun.java.command" value="/home/ilanky/IdeaProjects/punch/target/surefire/surefirebooter7683927409697411661.jar /home/ilanky/IdeaProjects/punch/target/surefire 2020-05-21T15-03-02_713-jvmRun1 surefire12346570474707943005tmp surefire_08946747829121654142tmp"/>
    <property name="jdk.debug" value="release"/>
    <property name="surefire.test.class.path" value="/home/ilanky/IdeaProjects/punch/target/test-classes:/home/ilanky/IdeaProjects/punch/target/classes:/home/ilanky/.m2/repository/org/mybatis/spring/boot/mybatis-spring-boot-starter/2.1.2/mybatis-spring-boot-starter-2.1.2.jar:/home/ilanky/.m2/repository/org/springframework/boot/spring-boot-starter/2.1.15.BUILD-SNAPSHOT/spring-boot-starter-2.1.15.BUILD-SNAPSHOT.jar:/home/ilanky/.m2/repository/org/springframework/boot/spring-boot-starter-logging/2.1.15.BUILD-SNAPSHOT/spring-boot-starter-logging-2.1.15.BUILD-SNAPSHOT.jar:/home/ilanky/.m2/repository/ch/qos/logback/logback-classic/1.2.3/logback-classic-1.2.3.jar:/home/ilanky/.m2/repository/ch/qos/logback/logback-core/1.2.3/logback-core-1.2.3.jar:/home/ilanky/.m2/repository/org/apache/logging/log4j/log4j-to-slf4j/2.11.2/log4j-to-slf4j-2.11.2.jar:/home/ilanky/.m2/repository/org/apache/logging/log4j/log4j-api/2.11.2/log4j-api-2.11.2.jar:/home/ilanky/.m2/repository/org/slf4j/jul-to-slf4j/1.7.30/jul-to-slf4j-1.7.30.jar:/home/ilanky/.m2/repository/javax/annotation/javax.annotation-api/1.3.2/javax.annotation-api-1.3.2.jar:/home/ilanky/.m2/repository/org/yaml/snakeyaml/1.23/snakeyaml-1.23.jar:/home/ilanky/.m2/repository/org/springframework/boot/spring-boot-starter-jdbc/2.1.15.BUILD-SNAPSHOT/spring-boot-starter-jdbc-2.1.15.BUILD-SNAPSHOT.jar:/home/ilanky/.m2/repository/com/zaxxer/HikariCP/3.2.0/HikariCP-3.2.0.jar:/home/ilanky/.m2/repository/org/springframework/spring-jdbc/5.1.15.RELEASE/spring-jdbc-5.1.15.RELEASE.jar:/home/ilanky/.m2/repository/org/springframework/spring-tx/5.1.15.RELEASE/spring-tx-5.1.15.RELEASE.jar:/home/ilanky/.m2/repository/org/mybatis/spring/boot/mybatis-spring-boot-autoconfigure/2.1.2/mybatis-spring-boot-autoconfigure-2.1.2.jar:/home/ilanky/.m2/repository/org/mybatis/mybatis/3.5.4/mybatis-3.5.4.jar:/home/ilanky/.m2/repository/org/mybatis/mybatis-spring/2.0.4/mybatis-spring-2.0.4.jar:/home/ilanky/.m2/repository/org/springframework/boot/spring-boot-starter-mail/2.1.15.BUILD-SNAPSHOT/spring-boot-starter-mail-2.1.15.BUILD-SNAPSHOT.jar:/home/ilanky/.m2/repository/org/springframework/spring-context-support/5.1.15.RELEASE/spring-context-support-5.1.15.RELEASE.jar:/home/ilanky/.m2/repository/org/springframework/spring-beans/5.1.15.RELEASE/spring-beans-5.1.15.RELEASE.jar:/home/ilanky/.m2/repository/org/springframework/spring-context/5.1.15.RELEASE/spring-context-5.1.15.RELEASE.jar:/home/ilanky/.m2/repository/com/sun/mail/javax.mail/1.6.2/javax.mail-1.6.2.jar:/home/ilanky/.m2/repository/javax/activation/activation/1.1/activation-1.1.jar:/home/ilanky/.m2/repository/org/springframework/boot/spring-boot-starter-thymeleaf/2.1.15.BUILD-SNAPSHOT/spring-boot-starter-thymeleaf-2.1.15.BUILD-SNAPSHOT.jar:/home/ilanky/.m2/repository/org/thymeleaf/thymeleaf-spring5/3.0.11.RELEASE/thymeleaf-spring5-3.0.11.RELEASE.jar:/home/ilanky/.m2/repository/org/thymeleaf/thymeleaf/3.0.11.RELEASE/thymeleaf-3.0.11.RELEASE.jar:/home/ilanky/.m2/repository/org/attoparser/attoparser/2.0.5.RELEASE/attoparser-2.0.5.RELEASE.jar:/home/ilanky/.m2/repository/org/unbescape/unbescape/1.1.6.RELEASE/unbescape-1.1.6.RELEASE.jar:/home/ilanky/.m2/repository/org/thymeleaf/extras/thymeleaf-extras-java8time/3.0.4.RELEASE/thymeleaf-extras-java8time-3.0.4.RELEASE.jar:/home/ilanky/.m2/repository/org/springframework/boot/spring-boot-starter-web/2.1.15.BUILD-SNAPSHOT/spring-boot-starter-web-2.1.15.BUILD-SNAPSHOT.jar:/home/ilanky/.m2/repository/org/springframework/boot/spring-boot-starter-json/2.1.15.BUILD-SNAPSHOT/spring-boot-starter-json-2.1.15.BUILD-SNAPSHOT.jar:/home/ilanky/.m2/repository/com/fasterxml/jackson/core/jackson-databind/2.9.10.4/jackson-databind-2.9.10.4.jar:/home/ilanky/.m2/repository/com/fasterxml/jackson/core/jackson-annotations/2.9.10/jackson-annotations-2.9.10.jar:/home/ilanky/.m2/repository/com/fasterxml/jackson/core/jackson-core/2.9.10/jackson-core-2.9.10.jar:/home/ilanky/.m2/repository/com/fasterxml/jackson/datatype/jackson-datatype-jdk8/2.9.10/jackson-datatype-jdk8-2.9.10.jar:/home/ilanky/.m2/repository/com/fasterxml/jackson/datatype/jackson-datatype-jsr310/2.9.10/jackson-datatype-jsr310-2.9.10.jar:/home/ilanky/.m2/repository/com/fasterxml/jackson/module/jackson-module-parameter-names/2.9.10/jackson-module-parameter-names-2.9.10.jar:/home/ilanky/.m2/repository/org/springframework/boot/spring-boot-starter-tomcat/2.1.15.BUILD-SNAPSHOT/spring-boot-starter-tomcat-2.1.15.BUILD-SNAPSHOT.jar:/home/ilanky/.m2/repository/org/apache/tomcat/embed/tomcat-embed-core/9.0.34/tomcat-embed-core-9.0.34.jar:/home/ilanky/.m2/repository/org/apache/tomcat/embed/tomcat-embed-el/9.0.34/tomcat-embed-el-9.0.34.jar:/home/ilanky/.m2/repository/org/apache/tomcat/embed/tomcat-embed-websocket/9.0.34/tomcat-embed-websocket-9.0.34.jar:/home/ilanky/.m2/repository/org/hibernate/validator/hibernate-validator/6.0.19.Final/hibernate-validator-6.0.19.Final.jar:/home/ilanky/.m2/repository/javax/validation/validation-api/2.0.1.Final/validation-api-2.0.1.Final.jar:/home/ilanky/.m2/repository/org/jboss/logging/jboss-logging/3.3.3.Final/jboss-logging-3.3.3.Final.jar:/home/ilanky/.m2/repository/com/fasterxml/classmate/1.4.0/classmate-1.4.0.jar:/home/ilanky/.m2/repository/org/springframework/spring-web/5.1.15.RELEASE/spring-web-5.1.15.RELEASE.jar:/home/ilanky/.m2/repository/org/springframework/spring-webmvc/5.1.15.RELEASE/spring-webmvc-5.1.15.RELEASE.jar:/home/ilanky/.m2/repository/org/springframework/spring-aop/5.1.15.RELEASE/spring-aop-5.1.15.RELEASE.jar:/home/ilanky/.m2/repository/org/springframework/spring-expression/5.1.15.RELEASE/spring-expression-5.1.15.RELEASE.jar:/home/ilanky/.m2/repository/org/springframework/boot/spring-boot-devtools/2.1.15.BUILD-SNAPSHOT/spring-boot-devtools-2.1.15.BUILD-SNAPSHOT.jar:/home/ilanky/.m2/repository/org/springframework/boot/spring-boot/2.1.15.BUILD-SNAPSHOT/spring-boot-2.1.15.BUILD-SNAPSHOT.jar:/home/ilanky/.m2/repository/org/springframework/boot/spring-boot-autoconfigure/2.1.15.BUILD-SNAPSHOT/spring-boot-autoconfigure-2.1.15.BUILD-SNAPSHOT.jar:/home/ilanky/.m2/repository/org/springframework/boot/spring-boot-starter-test/2.1.15.BUILD-SNAPSHOT/spring-boot-starter-test-2.1.15.BUILD-SNAPSHOT.jar:/home/ilanky/.m2/repository/org/springframework/boot/spring-boot-test/2.1.15.BUILD-SNAPSHOT/spring-boot-test-2.1.15.BUILD-SNAPSHOT.jar:/home/ilanky/.m2/repository/org/springframework/boot/spring-boot-test-autoconfigure/2.1.15.BUILD-SNAPSHOT/spring-boot-test-autoconfigure-2.1.15.BUILD-SNAPSHOT.jar:/home/ilanky/.m2/repository/com/jayway/jsonpath/json-path/2.4.0/json-path-2.4.0.jar:/home/ilanky/.m2/repository/net/minidev/json-smart/2.3/json-smart-2.3.jar:/home/ilanky/.m2/repository/net/minidev/accessors-smart/1.2/accessors-smart-1.2.jar:/home/ilanky/.m2/repository/org/ow2/asm/asm/5.0.4/asm-5.0.4.jar:/home/ilanky/.m2/repository/junit/junit/4.12/junit-4.12.jar:/home/ilanky/.m2/repository/org/assertj/assertj-core/3.11.1/assertj-core-3.11.1.jar:/home/ilanky/.m2/repository/org/mockito/mockito-core/2.23.4/mockito-core-2.23.4.jar:/home/ilanky/.m2/repository/net/bytebuddy/byte-buddy/1.9.16/byte-buddy-1.9.16.jar:/home/ilanky/.m2/repository/net/bytebuddy/byte-buddy-agent/1.9.16/byte-buddy-agent-1.9.16.jar:/home/ilanky/.m2/repository/org/objenesis/objenesis/2.6/objenesis-2.6.jar:/home/ilanky/.m2/repository/org/hamcrest/hamcrest-core/1.3/hamcrest-core-1.3.jar:/home/ilanky/.m2/repository/org/hamcrest/hamcrest-library/1.3/hamcrest-library-1.3.jar:/home/ilanky/.m2/repository/org/skyscreamer/jsonassert/1.5.0/jsonassert-1.5.0.jar:/home/ilanky/.m2/repository/com/vaadin/external/google/android-json/0.0.20131108.vaadin1/android-json-0.0.20131108.vaadin1.jar:/home/ilanky/.m2/repository/org/springframework/spring-core/5.1.15.RELEASE/spring-core-5.1.15.RELEASE.jar:/home/ilanky/.m2/repository/org/springframework/spring-jcl/5.1.15.RELEASE/spring-jcl-5.1.15.RELEASE.jar:/home/ilanky/.m2/repository/org/springframework/spring-test/5.1.15.RELEASE/spring-test-5.1.15.RELEASE.jar:/home/ilanky/.m2/repository/org/xmlunit/xmlunit-core/2.6.4/xmlunit-core-2.6.4.jar:/home/ilanky/.m2/repository/javax/xml/bind/jaxb-api/2.3.1/jaxb-api-2.3.1.jar:/home/ilanky/.m2/repository/javax/activation/javax.activation-api/1.2.0/javax.activation-api-1.2.0.jar:/home/ilanky/.m2/repository/mysql/mysql-connector-java/8.0.20/mysql-connector-java-8.0.20.jar:/home/ilanky/.m2/repository/org/webjars/jquery/3.3.0/jquery-3.3.0.jar:/home/ilanky/.m2/repository/org/webjars/bootstrap/4.4.1/bootstrap-4.4.1.jar:/home/ilanky/.m2/repository/org/webjars/popper.js/1.14.3/popper.js-1.14.3.jar:/home/ilanky/.m2/repository/org/jsoup/jsoup/1.11.3/jsoup-1.11.3.jar:/home/ilanky/.m2/repository/com/alibaba/druid-spring-boot-starter/1.1.20/druid-spring-boot-starter-1.1.20.jar:/home/ilanky/.m2/repository/com/alibaba/druid/1.1.20/druid-1.1.20.jar:/home/ilanky/.m2/repository/org/slf4j/slf4j-api/1.7.30/slf4j-api-1.7.30.jar:"/>
    <property name="sun.cpu.endian" value="little"/>
    <property name="user.home" value="/home/ilanky"/>
    <property name="user.language" value="zh"/>
    <property name="java.specification.vendor" value="Oracle Corporation"/>
    <property name="java.version.date" value="2020-04-14"/>
    <property name="java.home" value="/usr/lib/jvm/jdk-11.0.7"/>
    <property name="file.separator" value="/"/>
    <property name="basedir" value="/home/ilanky/IdeaProjects/punch"/>
    <property name="java.vm.compressedOopsMode" value="32-bit"/>
    <property name="line.separator" value="&#10;"/>
    <property name="java.specification.name" value="Java Platform API Specification"/>
    <property name="java.vm.specification.vendor" value="Oracle Corporation"/>
    <property name="java.awt.graphicsenv" value="sun.awt.X11GraphicsEnvironment"/>
    <property name="idea.version2020.1.1" value="true"/>
    <property name="surefire.real.class.path" value="/home/ilanky/IdeaProjects/punch/target/surefire/surefirebooter7683927409697411661.jar"/>
    <property name="sun.management.compiler" value="HotSpot 64-Bit Tiered Compilers"/>
    <property name="java.runtime.version" value="11.0.7+8-LTS"/>
    <property name="user.name" value="ilanky"/>
    <property name="path.separator" value=":"/>
    <property name="os.version" value="5.3.0-51-generic"/>
    <property name="java.runtime.name" value="Java(TM) SE Runtime Environment"/>
    <property name="file.encoding" value="UTF-8"/>
    <property name="java.vm.name" value="Java HotSpot(TM) 64-Bit Server VM"/>
    <property name="java.vendor.version" value="18.9"/>
    <property name="localRepository" value="/home/ilanky/.m2/repository"/>
    <property name="java.vendor.url.bug" value="https://bugreport.java.com/bugreport/"/>
    <property name="java.io.tmpdir" value="/tmp"/>
    <property name="java.version" value="11.0.7"/>
    <property name="user.dir" value="/home/ilanky/IdeaProjects/punch"/>
    <property name="os.arch" value="amd64"/>
    <property name="java.vm.specification.name" value="Java Virtual Machine Specification"/>
    <property name="java.awt.printerjob" value="sun.print.PSPrinterJob"/>
    <property name="sun.os.patch.level" value="unknown"/>
    <property name="java.library.path" value="/usr/java/packages/lib:/usr/lib64:/lib64:/lib:/usr/lib"/>
    <property name="java.vendor" value="Oracle Corporation"/>
    <property name="java.vm.info" value="mixed mode"/>
    <property name="java.vm.version" value="11.0.7+8-LTS"/>
    <property name="sun.io.unicode.encoding" value="UnicodeLittle"/>
    <property name="java.class.version" value="55.0"/>
  </properties>
  <testcase name="testFind" classname="edu.gdpu.punch.PunchApplicationTests" time="0.978"/>
  <testcase name="testSave" classname="edu.gdpu.punch.PunchApplicationTests" time="0.039"/>
  <testcase name="contextLoads" classname="edu.gdpu.punch.PunchApplicationTests" time="0.002"/>
</testsuite>